<?xml version="1.0" encoding="UTF-8"?>
<!-- Generated by org.testng.reporters.JUnitXMLReporter -->
<testsuite hostname="user-PC" ignored="0" name="Test4" tests="1" failures="1" timestamp="16 Nov 2019 06:54:32 GMT" time="41.236" errors="0">
  <testcase name="sVerifycreationofAccounts" time="31.185" classname="master.cbank.tests.VerifyCreationAccounts">
    <failure type="java.lang.AssertionError" message="account is alredy existed.">
      <![CDATA[java.lang.AssertionError: account is alredy existed.
at master.cbank.pages.AccountsPage.verifyAccount(AccountsPage.java:159)
at master.cbank.pages.AccountsPage.createAccount(AccountsPage.java:104)
at master.cbank.tests.VerifyCreationAccounts.sVerifycreationofAccounts(VerifyCreationAccounts.java:67)
... Removed 26 stack frames]]>
    </failure>
  </testcase> <!-- sVerifycreationofAccounts -->
</testsuite> <!-- Test4 -->
