<?xml version="1.0" encoding="UTF-8"?>
<!-- Generated by org.testng.reporters.JUnitXMLReporter -->
<testsuite hostname="user-PC" ignored="0" name="Test" tests="2" failures="1" timestamp="15 Nov 2019 13:28:12 GMT" time="16.332" errors="0">
  <testcase name="sVerifyTitle" time="0.077" classname="master.cbank.tests.Verify_Title"/>
  <testcase name="sVerifycreationofUsers" time="0.058" classname="master.cbank.tests.Verify_Title">
    <failure type="java.lang.AssertionError" message="unable to complete login">
      <![CDATA[java.lang.AssertionError: unable to complete login
at master.cbank.pages.LoginPage.Login(LoginPage.java:68)
at master.cbank.tests.Verify_Title.sVerifycreationofUsers(Verify_Title.java:67)
... Removed 26 stack frames]]>
    </failure>
  </testcase> <!-- sVerifycreationofUsers -->
</testsuite> <!-- Test -->
