<?xml version="1.0" encoding="UTF-8"?>
<testng-results skipped="0" failed="0" ignored="0" total="1" passed="1">
  <reporter-output>
  </reporter-output>
  <suite name="Default suite" duration-ms="21638" started-at="2019-11-10T01:56:52Z" finished-at="2019-11-10T01:57:14Z">
    <groups>
    </groups>
    <test name="Default test" duration-ms="21638" started-at="2019-11-10T01:56:52Z" finished-at="2019-11-10T01:57:14Z">
      <class name="master.cbank.tests.Verify_Title">
        <test-method status="PASS" signature="beforeClass()[pri:0, instance:master.cbank.tests.Verify_Title@3532ec19]" name="beforeClass" is-config="true" duration-ms="15508" started-at="2019-11-10T01:56:52Z" finished-at="2019-11-10T01:57:07Z">
          <reporter-output>
          </reporter-output>
        </test-method> <!-- beforeClass -->
        <test-method status="PASS" signature="sVerifyTitle()[pri:0, instance:master.cbank.tests.Verify_Title@3532ec19]" name="sVerifyTitle" duration-ms="161" started-at="2019-11-10T01:57:07Z" finished-at="2019-11-10T01:57:08Z">
          <reporter-output>
          </reporter-output>
        </test-method> <!-- sVerifyTitle -->
        <test-method status="PASS" signature="afterClass()[pri:0, instance:master.cbank.tests.Verify_Title@3532ec19]" name="afterClass" is-config="true" duration-ms="5888" started-at="2019-11-10T01:57:08Z" finished-at="2019-11-10T01:57:14Z">
          <reporter-output>
          </reporter-output>
        </test-method> <!-- afterClass -->
      </class> <!-- master.cbank.tests.Verify_Title -->
    </test> <!-- Default test -->
  </suite> <!-- Default suite -->
</testng-results>
